<?xml version="1.0" encoding="UTF-8" ?>
<testsuite errors="1" failures="0" hostname="pcadt" name="com.example.tests.NuTest" tests="1" time="0.0" timestamp="2012-04-17T14:19:08">
  <properties>
    <property name="java.vendor" value="Oracle Corporation" />
    <property name="sun.java.launcher" value="SUN_STANDARD" />
    <property name="sun.management.compiler" value="HotSpot Client Compiler" />
    <property name="ant.file.E:/test_main/NuTest" value="E:\eclipse workspace &amp; lib\workspace\TLS_XmlRpc_server\test\xml_sample_files\TestOK\build.xml" />
    <property name="ant.file.type.E:/test_main/NuTest" value="file" />
    <property name="selenium_path" value="E:\lib\selenium-java-2.20.0.jar" />
    <property name="lib" value="E:\lib" />
    <property name="os.name" value="Windows XP" />
    <property name="sun.boot.class.path" value="C:\Program Files\Java\jdk1.7.0_03\jre\lib\resources.jar;C:\Program Files\Java\jdk1.7.0_03\jre\lib\rt.jar;C:\Program Files\Java\jdk1.7.0_03\jre\lib\sunrsasign.jar;C:\Program Files\Java\jdk1.7.0_03\jre\lib\jsse.jar;C:\Program Files\Java\jdk1.7.0_03\jre\lib\jce.jar;C:\Program Files\Java\jdk1.7.0_03\jre\lib\charsets.jar;C:\Program Files\Java\jdk1.7.0_03\jre\classes" />
    <property name="test_package" value="com.example.tests" />
    <property name="TODAY" value="April 17 2012" />
    <property name="report" value="E:\eclipse workspace &amp; lib\workspace\TLS_XmlRpc_server\test\xml_sample_files\TestOK\report" />
    <property name="sun.desktop" value="windows" />
    <property name="java.vm.specification.vendor" value="Oracle Corporation" />
    <property name="java.runtime.version" value="1.7.0_03-b05" />
    <property name="junit_path" value="E:\lib\junit-4.10.jar" />
    <property name="user.name" value="adt" />
    <property name="user.language" value="fr" />
    <property name="sun.boot.library.path" value="C:\Program Files\Java\jdk1.7.0_03\jre\bin" />
    <property name="ant.project.default-target" value="compile" />
    <property name="ant.project.name" value="E:/test_main/NuTest" />
    <property name="DSTAMP" value="20120417" />
    <property name="java.version" value="1.7.0_03" />
    <property name="user.timezone" value="Europe/Paris" />
    <property name="bin" value="E:\eclipse workspace &amp; lib\workspace\TLS_XmlRpc_server\test\xml_sample_files\TestOK\bin" />
    <property name="sun.arch.data.model" value="32" />
    <property name="java.endorsed.dirs" value="C:\Program Files\Java\jdk1.7.0_03\jre\lib\endorsed" />
    <property name="sun.cpu.isalist" value="pentium_pro+mmx pentium_pro pentium+mmx pentium i486 i386 i86" />
    <property name="sun.jnu.encoding" value="Cp1252" />
    <property name="file.encoding.pkg" value="sun.io" />
    <property name="file.separator" value="\" />
    <property name="java.specification.name" value="Java Platform API Specification" />
    <property name="java.class.version" value="51.0" />
    <property name="src" value="E:\eclipse workspace &amp; lib\workspace\TLS_XmlRpc_server\test\xml_sample_files\TestOK\src" />
    <property name="user.country" value="FR" />
    <property name="java.home" value="C:\Program Files\Java\jdk1.7.0_03\jre" />
    <property name="java.vm.info" value="mixed mode, sharing" />
    <property name="ant.file" value="E:\eclipse workspace &amp; lib\workspace\TLS_XmlRpc_server\test\xml_sample_files\TestOK\build.xml" />
    <property name="os.version" value="5.1" />
    <property name="path.separator" value=";" />
    <property name="java.vm.version" value="22.1-b02" />
    <property name="user.variant" value="" />
    <property name="java.awt.printerjob" value="sun.awt.windows.WPrinterJob" />
    <property name="sun.io.unicode.encoding" value="UnicodeLittle" />
    <property name="awt.toolkit" value="sun.awt.windows.WToolkit" />
    <property name="user.script" value="" />
    <property name="user.home" value="C:\Documents and Settings\adt" />
    <property name="java.specification.vendor" value="Oracle Corporation" />
    <property name="java.library.path" value="C:\Program Files\Java\jdk1.7.0_03\bin;C:\WINDOWS\Sun\Java\bin;C:\WINDOWS\system32;C:\WINDOWS;C:/Program Files/Java/jre7/bin/client;C:/Program Files/Java/jre7/bin;C:/Program Files/Java/jre7/lib/i386;C:\WINDOWS\system32;C:\WINDOWS;C:\WINDOWS\System32\Wbem;C:\Program Files\Intel\DMIX;C:\Program Files\TortoiseSVN\bin;E:\apache-maven-3.0.4\bin;E:\eclipse;E:\apache-ant-1.8.3\bin;C:\MinGW\bin;C:\Python32;C:\Program Files\Android\android-sdk\platform-tools;E:\eclipse;;." />
    <property name="java.vendor.url" value="http://java.oracle.com/" />
    <property name="java.vm.vendor" value="Oracle Corporation" />
    <property name="java.runtime.name" value="Java(TM) SE Runtime Environment" />
    <property name="sun.java.command" value="org.eclipse.jdt.internal.junit.runner.RemoteTestRunner -version 3 -port 2316 -testLoaderClass org.eclipse.jdt.internal.junit4.runner.JUnit4TestLoader -loaderpluginname org.eclipse.jdt.junit4.runtime -classNames server.AllTests" />
    <property name="java.class.path" value="E:\eclipse workspace &amp; lib\workspace\TLS_XmlRpc_server\bin;E:\eclipse workspace &amp; lib\lib\junit4.10\junit-4.10.jar;E:\eclipse workspace &amp; lib\lib\jdom-1.1.3\build\jdom-1.1.3.jar;C:\Program Files\Java\jdk1.7.0_03\lib\tools.jar;E:\eclipse workspace &amp; lib\lib\apache-xmlrpc-3.1.3\lib\commons-logging-1.1.jar;E:\eclipse workspace &amp; lib\lib\apache-xmlrpc-3.1.3\lib\ws-commons-util-1.0.2.jar;E:\eclipse workspace &amp; lib\lib\apache-xmlrpc-3.1.3\lib\xmlrpc-common-3.1.3.jar;E:\eclipse workspace &amp; lib\lib\apache-xmlrpc-3.1.3\lib\xmlrpc-server-3.1.3.jar;E:\apache-ant-1.8.3\lib\ant-launcher.jar;E:\apache-ant-1.8.3\lib\ant.jar;E:\apache-ant-1.8.3\lib\ant-commons-logging.jar;E:\apache-ant-1.8.3\lib\ant-commons-net.jar;E:\apache-ant-1.8.3\lib\ant-junit4.jar;E:\apache-ant-1.8.3\lib\ant-junit.jar;E:\eclipse workspace &amp; lib\lib\selenium-2.20.0\selenium-java-2.20.0.jar;E:\eclipse workspace &amp; lib\TLS_DirGenerator;E:\eclipse workspace &amp; lib\TLS_DirGenerator\TLS_DirGenerator-2.3.jar;/E:/eclipse/configuration/org.eclipse.osgi/bundles/151/1/.cp/;/E:/eclipse/configuration/org.eclipse.osgi/bundles/149/1/.cp/;/E:/eclipse/configuration/org.eclipse.osgi/bundles/150/1/.cp/" />
    <property name="ant.version" value="Apache Ant(TM) version 1.8.3 compiled on February 26 2012" />
    <property name="TSTAMP" value="1619" />
    <property name="java.vm.specification.name" value="Java Virtual Machine Specification" />
    <property name="selenium_lib" value="E:\lib\selenium-2.20.0" />
    <property name="java.vm.specification.version" value="1.7" />
    <property name="sun.cpu.endian" value="little" />
    <property name="sun.os.patch.level" value="Service Pack 3" />
    <property name="java.io.tmpdir" value="C:\DOCUME~1\adt\LOCALS~1\Temp\" />
    <property name="java.vendor.url.bug" value="http://bugreport.sun.com/bugreport/" />
    <property name="test_name" value="NuTest" />
    <property name="os.arch" value="x86" />
    <property name="java.awt.graphicsenv" value="sun.awt.Win32GraphicsEnvironment" />
    <property name="java.ext.dirs" value="C:\Program Files\Java\jdk1.7.0_03\jre\lib\ext;C:\WINDOWS\Sun\Java\lib\ext" />
    <property name="user.dir" value="E:\eclipse workspace &amp; lib\workspace\TLS_XmlRpc_server" />
    <property name="line.separator" value="&#xd;&#xa;" />
    <property name="java.vm.name" value="Java HotSpot(TM) Client VM" />
    <property name="basedir" value="E:\eclipse workspace &amp; lib\workspace\TLS_XmlRpc_server\test\xml_sample_files\TestOK" />
    <property name="ant.java.version" value="1.7" />
    <property name="ant.core.lib" value="E:\apache-ant-1.8.3\lib\ant.jar" />
    <property name="file.encoding" value="Cp1252" />
    <property name="java.specification.version" value="1.7" />
  </properties>
  <error message="com.example.tests.NuTest" type="java.lang.ClassNotFoundException">java.lang.ClassNotFoundException: com.example.tests.NuTest
	at java.net.URLClassLoader$1.run(URLClassLoader.java:366)
	at java.net.URLClassLoader$1.run(URLClassLoader.java:355)
	at java.security.AccessController.doPrivileged(Native Method)
	at java.net.URLClassLoader.findClass(URLClassLoader.java:354)
	at java.lang.ClassLoader.loadClass(ClassLoader.java:423)
	at sun.misc.Launcher$AppClassLoader.loadClass(Launcher.java:308)
	at java.lang.ClassLoader.loadClass(ClassLoader.java:356)
	at java.lang.ClassLoader.loadClass(ClassLoader.java:356)
	at java.lang.Class.forName0(Native Method)
	at java.lang.Class.forName(Class.java:264)
	at server.TestExecutor.testRunRoutine(TestExecutor.java:164)
	at server.TestExecutor.runTest(TestExecutor.java:117)
	at server.TestExecutor.runTestHashMap(TestExecutor.java:227)
	at server.TestExecutorTest.testRunTest_new_nameOnly(TestExecutorTest.java:63)
	at org.eclipse.jdt.internal.junit4.runner.JUnit4TestReference.run(JUnit4TestReference.java:50)
	at org.eclipse.jdt.internal.junit.runner.TestExecution.run(TestExecution.java:38)
	at org.eclipse.jdt.internal.junit.runner.RemoteTestRunner.runTests(RemoteTestRunner.java:467)
	at org.eclipse.jdt.internal.junit.runner.RemoteTestRunner.runTests(RemoteTestRunner.java:683)
	at org.eclipse.jdt.internal.junit.runner.RemoteTestRunner.run(RemoteTestRunner.java:390)
	at org.eclipse.jdt.internal.junit.runner.RemoteTestRunner.main(RemoteTestRunner.java:197)
</error>
  <system-out><![CDATA[]]></system-out>
  <system-err><![CDATA[]]></system-err>
</testsuite>
